0 info it worked if it ends with ok
1 verbose cli [ 'C:\\Program Files\\nodejs\\\\node.exe',
1 verbose cli   'C:\\Program Files\\nodejs\\node_modules\\npm\\bin\\npm-cli.js',
1 verbose cli   'install',
1 verbose cli   'readable-stream/transform' ]
2 info using npm@2.11.2
3 info using node@v0.12.5
4 verbose install initial load of C:\Users\WIN7\Documents\GitHub\monstercharmant.github.io\resume-master\package.json
5 verbose installManyTop reading scoped package data from C:\Users\WIN7\Documents\GitHub\monstercharmant.github.io\resume-master\node_modules\gulp\package.json
6 verbose installManyTop reading scoped package data from C:\Users\WIN7\Documents\GitHub\monstercharmant.github.io\resume-master\node_modules\gulp-changed\package.json
7 verbose installManyTop reading scoped package data from C:\Users\WIN7\Documents\GitHub\monstercharmant.github.io\resume-master\node_modules\gulp-debug\package.json
8 verbose installManyTop reading scoped package data from C:\Users\WIN7\Documents\GitHub\monstercharmant.github.io\resume-master\node_modules\gulp-gh-pages\package.json
9 verbose installManyTop reading scoped package data from C:\Users\WIN7\Documents\GitHub\monstercharmant.github.io\resume-master\node_modules\gulp-jade\package.json
10 verbose installManyTop reading scoped package data from C:\Users\WIN7\Documents\GitHub\monstercharmant.github.io\resume-master\node_modules\gulp-less\package.json
11 verbose installManyTop reading scoped package data from C:\Users\WIN7\Documents\GitHub\monstercharmant.github.io\resume-master\node_modules\gulp-livereload\package.json
12 verbose installManyTop reading scoped package data from C:\Users\WIN7\Documents\GitHub\monstercharmant.github.io\resume-master\node_modules\gulp-load-plugins\package.json
13 verbose installManyTop reading scoped package data from C:\Users\WIN7\Documents\GitHub\monstercharmant.github.io\resume-master\node_modules\gulp-minify-css\package.json
14 verbose installManyTop reading scoped package data from C:\Users\WIN7\Documents\GitHub\monstercharmant.github.io\resume-master\node_modules\gulp-sourcemaps\package.json
15 verbose installManyTop reading scoped package data from C:\Users\WIN7\Documents\GitHub\monstercharmant.github.io\resume-master\node_modules\st\package.json
16 verbose readDependencies loading dependencies from C:\Users\WIN7\Documents\GitHub\monstercharmant.github.io\resume-master\package.json
17 silly cache add args [ 'readable-stream/transform', null ]
18 verbose cache add spec readable-stream/transform
19 silly cache add parsed spec { raw: 'readable-stream/transform',
19 silly cache add   scope: null,
19 silly cache add   name: null,
19 silly cache add   rawSpec: 'readable-stream/transform',
19 silly cache add   spec: 'github:readable-stream/transform',
19 silly cache add   type: 'hosted',
19 silly cache add   hosted:
19 silly cache add    { type: 'github',
19 silly cache add      ssh: 'git@github.com:readable-stream/transform.git',
19 silly cache add      sshUrl: 'git+ssh://git@github.com/readable-stream/transform.git',
19 silly cache add      httpsUrl: 'git+https://github.com/readable-stream/transform.git',
19 silly cache add      gitUrl: 'git://github.com/readable-stream/transform.git',
19 silly cache add      shortcut: 'github:readable-stream/transform',
19 silly cache add      directUrl: 'https://raw.githubusercontent.com/readable-stream/transform/master/package.json' } }
20 verbose addRemoteGit caching readable-stream/transform
21 verbose addRemoteGit readable-stream/transform is a repository hosted by github
22 silly tryGitProto attempting to clone git://github.com/readable-stream/transform.git
23 silly tryClone cloning readable-stream/transform via git://github.com/readable-stream/transform.git
24 verbose tryClone git-github-com-readable-stream-transform-git-37bea52f not in flight; caching
25 verbose git clone --template=C:\Users\WIN7\AppData\Roaming\npm-cache\_git-remotes\_templates --mirror git://github.com/readable-stream/transform.git C:\Users\WIN7\AppData\Roaming\npm-cache\_git-remotes\git-github-com-readable-stream-transform-git-37bea52f: undefined
25 verbose git clone --template=C:\Users\WIN7\AppData\Roaming\npm-cache\_git-remotes\_templates --mirror git://github.com/readable-stream/transform.git C:\Users\WIN7\AppData\Roaming\npm-cache\_git-remotes\git-github-com-readable-stream-transform-git-37bea52f: undefined
26 silly tryHTTPS attempting to clone git+https://github.com/readable-stream/transform.git
27 silly tryClone cloning readable-stream/transform via git+https://github.com/readable-stream/transform.git
28 verbose tryClone https-github-com-readable-stream-transform-git-54d90bfe not in flight; caching
29 verbose git clone --template=C:\Users\WIN7\AppData\Roaming\npm-cache\_git-remotes\_templates --mirror https://github.com/readable-stream/transform.git C:\Users\WIN7\AppData\Roaming\npm-cache\_git-remotes\https-github-com-readable-stream-transform-git-54d90bfe: undefined
29 verbose git clone --template=C:\Users\WIN7\AppData\Roaming\npm-cache\_git-remotes\_templates --mirror https://github.com/readable-stream/transform.git C:\Users\WIN7\AppData\Roaming\npm-cache\_git-remotes\https-github-com-readable-stream-transform-git-54d90bfe: undefined
30 silly trySSH attempting to clone git@github.com:readable-stream/transform.git
31 silly tryClone cloning readable-stream/transform via git@github.com:readable-stream/transform.git
32 verbose tryClone git-github-com-readable-stream-transform-git-934c353e not in flight; caching
33 error git clone --template=C:\Users\WIN7\AppData\Roaming\npm-cache\_git-remotes\_templates --mirror git@github.com:readable-stream/transform.git C:\Users\WIN7\AppData\Roaming\npm-cache\_git-remotes\git-github-com-readable-stream-transform-git-934c353e: undefined
33 error git clone --template=C:\Users\WIN7\AppData\Roaming\npm-cache\_git-remotes\_templates --mirror git@github.com:readable-stream/transform.git C:\Users\WIN7\AppData\Roaming\npm-cache\_git-remotes\git-github-com-readable-stream-transform-git-934c353e: undefined
34 verbose stack Error: not found: git
34 verbose stack     at F (C:\Program Files\nodejs\node_modules\npm\node_modules\which\which.js:72:28)
34 verbose stack     at E (C:\Program Files\nodejs\node_modules\npm\node_modules\which\which.js:75:29)
34 verbose stack     at C:\Program Files\nodejs\node_modules\npm\node_modules\which\which.js:83:16
34 verbose stack     at FSReqWrap.oncomplete (fs.js:95:15)
35 verbose cwd C:\Users\WIN7\Documents\GitHub\monstercharmant.github.io\resume-master
36 error Windows_NT 6.1.7601
37 error argv "C:\\Program Files\\nodejs\\\\node.exe" "C:\\Program Files\\nodejs\\node_modules\\npm\\bin\\npm-cli.js" "install" "readable-stream/transform"
38 error node v0.12.5
39 error npm  v2.11.2
40 error code ENOGIT
41 error not found: git
42 error Failed using git.
42 error This is most likely not a problem with npm itself.
42 error Please check if you have git installed and in your PATH.
43 verbose exit [ 1, true ]
